2566-01-25 10:29:20,367 [Worker-4: Loading available Gradle versions] INFO  o.e.b.c.i.u.g.PublishedGradleVersions - Gradle version information cache is up-to-date. Trying to read.
2566-01-25 10:35:42,745 [Worker-19: Enabling Maven Dependency Management] INFO  o.e.m.c.i.l.LifecycleMappingFactory - Using org.eclipse.m2e.jdt.JarLifecycleMapping lifecycle mapping for MavenProject: CURAHealthcareServiceSeleniumXPath:CURAHealthcareServiceSeleniumXPath:0.0.1-SNAPSHOT @ D:\Appointment\CURAHealthcareServiceSeleniumXPath\pom.xml.
2566-01-25 10:35:43,306 [Worker-19: Enabling Maven Dependency Management] INFO  o.e.m.j.i.AbstractJavaProjectConfigurator - Adding source folder /CURAHealthcareServiceSeleniumXPath/src
2566-01-25 10:35:43,307 [Worker-19: Enabling Maven Dependency Management] INFO  o.e.m.j.i.AbstractJavaProjectConfigurator - Not adding source folder /CURAHealthcareServiceSeleniumXPath/src/test/java because it overlaps with /CURAHealthcareServiceSeleniumXPath/src
2566-01-25 10:35:43,413 [Worker-19: Enabling Maven Dependency Management] INFO  o.e.m.c.i.p.ProjectConfigurationManager - Update started
2566-01-25 10:35:43,681 [Worker-19: Enabling Maven Dependency Management] INFO  o.e.m.c.i.l.LifecycleMappingFactory - Using org.eclipse.m2e.jdt.JarLifecycleMapping lifecycle mapping for MavenProject: CURAHealthcareServiceSeleniumXPath:CURAHealthcareServiceSeleniumXPath:0.0.1-SNAPSHOT @ D:\Appointment\CURAHealthcareServiceSeleniumXPath\pom.xml.
2566-01-25 10:35:43,829 [Worker-19: Enabling Maven Dependency Management] INFO  o.e.m.j.i.AbstractJavaProjectConfigurator - Adding source folder /CURAHealthcareServiceSeleniumXPath/src
2566-01-25 10:35:43,830 [Worker-19: Enabling Maven Dependency Management] INFO  o.e.m.j.i.AbstractJavaProjectConfigurator - Not adding source folder /CURAHealthcareServiceSeleniumXPath/src/test/java because it overlaps with /CURAHealthcareServiceSeleniumXPath/src
2566-01-25 10:35:43,893 [Worker-19: Enabling Maven Dependency Management] INFO  o.e.m.c.i.p.ProjectConfigurationManager - Update completed for 1 poms: local refresh takes 0.00 sec, refresh facades takes 0.00 sec, update config takes 0.00 sec 
2566-01-25 10:35:44,079 [Worker-6: Building] WARN  o.e.m.c.i.embedder.EclipseLogger - Using platform encoding (MS874 actually) to copy filtered resources, i.e. build is platform dependent!
2566-01-25 10:35:44,080 [Worker-6: Building] INFO  o.e.m.c.i.embedder.EclipseLogger - skip non existing resourceDirectory D:\Appointment\CURAHealthcareServiceSeleniumXPath\src\main\resources
2566-01-25 10:35:44,083 [Worker-6: Building] WARN  o.e.m.c.i.embedder.EclipseLogger - Using platform encoding (MS874 actually) to copy filtered resources, i.e. build is platform dependent!
2566-01-25 10:35:44,084 [Worker-6: Building] INFO  o.e.m.c.i.embedder.EclipseLogger - skip non existing resourceDirectory D:\Appointment\CURAHealthcareServiceSeleniumXPath\src\test\resources
2566-01-25 10:36:05,373 [Worker-19: Building] INFO  o.e.m.c.i.l.LifecycleMappingFactory - Using org.eclipse.m2e.jdt.JarLifecycleMapping lifecycle mapping for MavenProject: CURAHealthSeviceSelenium:CURAHealthSeviceSelenium:0.0.1-SNAPSHOT @ D:\Appointment\CURAHealthcareServiceSeleniumXPath\pom.xml.
2566-01-25 10:36:05,563 [Worker-19: Building] WARN  o.e.m.c.i.embedder.EclipseLogger - Using platform encoding (MS874 actually) to copy filtered resources, i.e. build is platform dependent!
2566-01-25 10:36:05,564 [Worker-19: Building] INFO  o.e.m.c.i.embedder.EclipseLogger - skip non existing resourceDirectory D:\Appointment\CURAHealthcareServiceSeleniumXPath\src\main\resources
2566-01-25 10:36:05,566 [Worker-19: Building] WARN  o.e.m.c.i.embedder.EclipseLogger - Using platform encoding (MS874 actually) to copy filtered resources, i.e. build is platform dependent!
2566-01-25 10:36:05,567 [Worker-19: Building] INFO  o.e.m.c.i.embedder.EclipseLogger - skip non existing resourceDirectory D:\Appointment\CURAHealthcareServiceSeleniumXPath\src\test\resources
2566-01-25 10:36:06,784 [Worker-6: Building] WARN  o.e.m.c.i.embedder.EclipseLogger - Using platform encoding (MS874 actually) to copy filtered resources, i.e. build is platform dependent!
2566-01-25 10:36:06,785 [Worker-6: Building] INFO  o.e.m.c.i.embedder.EclipseLogger - skip non existing resourceDirectory D:\Appointment\CURAHealthcareServiceSeleniumXPath\src\main\resources
2566-01-25 10:36:06,787 [Worker-6: Building] WARN  o.e.m.c.i.embedder.EclipseLogger - Using platform encoding (MS874 actually) to copy filtered resources, i.e. build is platform dependent!
2566-01-25 10:36:06,788 [Worker-6: Building] INFO  o.e.m.c.i.embedder.EclipseLogger - skip non existing resourceDirectory D:\Appointment\CURAHealthcareServiceSeleniumXPath\src\test\resources
2566-01-25 10:40:38,251 [Worker-6: Launching Test] WARN  o.e.m.c.i.embedder.EclipseLogger - Using platform encoding (MS874 actually) to copy filtered resources, i.e. build is platform dependent!
2566-01-25 10:40:38,252 [Worker-6: Launching Test] INFO  o.e.m.c.i.embedder.EclipseLogger - skip non existing resourceDirectory D:\Appointment\CURAHealthcareServiceSeleniumXPath\src\main\resources
2566-01-25 10:40:38,254 [Worker-6: Launching Test] WARN  o.e.m.c.i.embedder.EclipseLogger - Using platform encoding (MS874 actually) to copy filtered resources, i.e. build is platform dependent!
2566-01-25 10:40:38,255 [Worker-6: Launching Test] INFO  o.e.m.c.i.embedder.EclipseLogger - skip non existing resourceDirectory D:\Appointment\CURAHealthcareServiceSeleniumXPath\src\test\resources
2566-01-25 10:41:41,056 [Worker-23: Launching Appointment] WARN  o.e.m.c.i.embedder.EclipseLogger - Using platform encoding (MS874 actually) to copy filtered resources, i.e. build is platform dependent!
2566-01-25 10:41:41,058 [Worker-23: Launching Appointment] INFO  o.e.m.c.i.embedder.EclipseLogger - skip non existing resourceDirectory D:\Appointment\CURAHealthcareServiceSeleniumXPath\src\main\resources
2566-01-25 10:41:41,060 [Worker-23: Launching Appointment] WARN  o.e.m.c.i.embedder.EclipseLogger - Using platform encoding (MS874 actually) to copy filtered resources, i.e. build is platform dependent!
2566-01-25 10:41:41,061 [Worker-23: Launching Appointment] INFO  o.e.m.c.i.embedder.EclipseLogger - skip non existing resourceDirectory D:\Appointment\CURAHealthcareServiceSeleniumXPath\src\test\resources
2566-01-25 10:49:50,078 [Worker-27: Launching Appointment] WARN  o.e.m.c.i.embedder.EclipseLogger - Using platform encoding (MS874 actually) to copy filtered resources, i.e. build is platform dependent!
2566-01-25 10:49:50,079 [Worker-27: Launching Appointment] INFO  o.e.m.c.i.embedder.EclipseLogger - skip non existing resourceDirectory D:\Appointment\CURAHealthcareServiceSeleniumXPath\src\main\resources
2566-01-25 10:49:50,081 [Worker-27: Launching Appointment] WARN  o.e.m.c.i.embedder.EclipseLogger - Using platform encoding (MS874 actually) to copy filtered resources, i.e. build is platform dependent!
2566-01-25 10:49:50,082 [Worker-27: Launching Appointment] INFO  o.e.m.c.i.embedder.EclipseLogger - skip non existing resourceDirectory D:\Appointment\CURAHealthcareServiceSeleniumXPath\src\test\resources
2566-01-25 10:54:22,531 [Worker-30: Launching Appointment] WARN  o.e.m.c.i.embedder.EclipseLogger - Using platform encoding (MS874 actually) to copy filtered resources, i.e. build is platform dependent!
2566-01-25 10:54:22,532 [Worker-30: Launching Appointment] INFO  o.e.m.c.i.embedder.EclipseLogger - skip non existing resourceDirectory D:\Appointment\CURAHealthcareServiceSeleniumXPath\src\main\resources
2566-01-25 10:54:22,534 [Worker-30: Launching Appointment] WARN  o.e.m.c.i.embedder.EclipseLogger - Using platform encoding (MS874 actually) to copy filtered resources, i.e. build is platform dependent!
2566-01-25 10:54:22,535 [Worker-30: Launching Appointment] INFO  o.e.m.c.i.embedder.EclipseLogger - skip non existing resourceDirectory D:\Appointment\CURAHealthcareServiceSeleniumXPath\src\test\resources
2566-01-25 11:03:30,993 [Worker-28: Launching Appointment] WARN  o.e.m.c.i.embedder.EclipseLogger - Using platform encoding (MS874 actually) to copy filtered resources, i.e. build is platform dependent!
2566-01-25 11:03:30,995 [Worker-28: Launching Appointment] INFO  o.e.m.c.i.embedder.EclipseLogger - skip non existing resourceDirectory D:\Appointment\CURAHealthcareServiceSeleniumXPath\src\main\resources
2566-01-25 11:03:30,998 [Worker-28: Launching Appointment] WARN  o.e.m.c.i.embedder.EclipseLogger - Using platform encoding (MS874 actually) to copy filtered resources, i.e. build is platform dependent!
2566-01-25 11:03:30,999 [Worker-28: Launching Appointment] INFO  o.e.m.c.i.embedder.EclipseLogger - skip non existing resourceDirectory D:\Appointment\CURAHealthcareServiceSeleniumXPath\src\test\resources
2566-01-25 11:07:10,735 [Worker-39: Launching Appointment] WARN  o.e.m.c.i.embedder.EclipseLogger - Using platform encoding (MS874 actually) to copy filtered resources, i.e. build is platform dependent!
2566-01-25 11:07:10,737 [Worker-39: Launching Appointment] INFO  o.e.m.c.i.embedder.EclipseLogger - skip non existing resourceDirectory D:\Appointment\CURAHealthcareServiceSeleniumXPath\src\main\resources
2566-01-25 11:07:10,740 [Worker-39: Launching Appointment] WARN  o.e.m.c.i.embedder.EclipseLogger - Using platform encoding (MS874 actually) to copy filtered resources, i.e. build is platform dependent!
2566-01-25 11:07:10,740 [Worker-39: Launching Appointment] INFO  o.e.m.c.i.embedder.EclipseLogger - skip non existing resourceDirectory D:\Appointment\CURAHealthcareServiceSeleniumXPath\src\test\resources
2566-01-25 11:08:25,299 [Worker-37: Launching Appointment] WARN  o.e.m.c.i.embedder.EclipseLogger - Using platform encoding (MS874 actually) to copy filtered resources, i.e. build is platform dependent!
2566-01-25 11:08:25,300 [Worker-37: Launching Appointment] INFO  o.e.m.c.i.embedder.EclipseLogger - skip non existing resourceDirectory D:\Appointment\CURAHealthcareServiceSeleniumXPath\src\main\resources
2566-01-25 11:08:25,302 [Worker-37: Launching Appointment] WARN  o.e.m.c.i.embedder.EclipseLogger - Using platform encoding (MS874 actually) to copy filtered resources, i.e. build is platform dependent!
2566-01-25 11:08:25,303 [Worker-37: Launching Appointment] INFO  o.e.m.c.i.embedder.EclipseLogger - skip non existing resourceDirectory D:\Appointment\CURAHealthcareServiceSeleniumXPath\src\test\resources
2566-01-25 11:11:43,078 [Worker-37: Launching Appointment] WARN  o.e.m.c.i.embedder.EclipseLogger - Using platform encoding (MS874 actually) to copy filtered resources, i.e. build is platform dependent!
2566-01-25 11:11:43,079 [Worker-37: Launching Appointment] INFO  o.e.m.c.i.embedder.EclipseLogger - skip non existing resourceDirectory D:\Appointment\CURAHealthcareServiceSeleniumXPath\src\main\resources
2566-01-25 11:11:43,081 [Worker-37: Launching Appointment] WARN  o.e.m.c.i.embedder.EclipseLogger - Using platform encoding (MS874 actually) to copy filtered resources, i.e. build is platform dependent!
2566-01-25 11:11:43,082 [Worker-37: Launching Appointment] INFO  o.e.m.c.i.embedder.EclipseLogger - skip non existing resourceDirectory D:\Appointment\CURAHealthcareServiceSeleniumXPath\src\test\resources
2566-01-25 11:12:25,079 [Worker-34: Launching Appointment] WARN  o.e.m.c.i.embedder.EclipseLogger - Using platform encoding (MS874 actually) to copy filtered resources, i.e. build is platform dependent!
2566-01-25 11:12:25,081 [Worker-34: Launching Appointment] INFO  o.e.m.c.i.embedder.EclipseLogger - skip non existing resourceDirectory D:\Appointment\CURAHealthcareServiceSeleniumXPath\src\main\resources
2566-01-25 11:12:25,083 [Worker-34: Launching Appointment] WARN  o.e.m.c.i.embedder.EclipseLogger - Using platform encoding (MS874 actually) to copy filtered resources, i.e. build is platform dependent!
2566-01-25 11:12:25,084 [Worker-34: Launching Appointment] INFO  o.e.m.c.i.embedder.EclipseLogger - skip non existing resourceDirectory D:\Appointment\CURAHealthcareServiceSeleniumXPath\src\test\resources
